Plotting ca_exp1_pflow0008 ... completed.
Plotting ca_exp1_pflow0009 ... completed.
Plotting ca_exp1_pflow0010 ... completed.
Plotting ca_exp1_pflow0011 ... completed.
Plotting ca_exp1_pflow0012 ... completed.
Plotting ca_exp1_pflow0013 ... completed.
Plotting ca_exp1_pflow0014 ... completed.
Plotting ca_exp1_pflow0015 ... completed.
Plotting ca_exp1_pflow0016 ... completed.
Plotting ca_exp1_pflow0017 ... completed.
Plotting ca_exp1_pflow0018 ... completed.
Plotting ca_exp1_pflow0019 ... completed.
Plotting ca_exp1_pflow0020 ... completed.
Plotting ca_exp1_pflow0021 ... completed.
Plotting ca_exp1_pflow0022 ... completed.
Plotting ca_exp1_pflow0023 ... completed.
Plotting ca_exp1_pflow0024 ... completed.
Plotting ca_exp1_pflow0025 ... completed.
Plotting ca_exp1_pflow0026 ... completed.
Plotting ca_exp1_pflow0027 ... completed.
Plotting ca_exp1_pflow0028 ... completed.
Plotting ca_exp1_pflow0029 ... completed.
Plotting ca_exp1_pflow0030 ... completed.
Plotting ca_exp1_pflow_max ... completed.
Plotting ca_exp1_treach ... completed.

Completed successfully in 168.3 seconds (net computing time excluding visualization).
Please find the collected results in the directory ca_exp1_results.



#############################################################################
#
# MODULE:       r.avaflow 3
#
# AUTHORS:      Martin Mergili and Shiva P. Pudasaini
# CONTRIBUTORS: Massimiliano Alvioli, Matthias Benedikt, Emmanuel Delage,
#               Wolfgang Fellin, Jan-Thomas Fischer, Sigridur S. Gylfadottir,
#               Andreas Huber, Ivan Marchesini, Markus Metz, Markus Neteler,
#               Alexander Ostermann, Matthias Rauter
#
# PURPOSE:      The mass flow simulation tool
# VERSION:      20230127 (27 January 2023)
#
# COPYRIGHT:    (c) 2013 - 2023 by the authors
#               (c) 2020 - 2023 by the University of Graz
#               (c) 2013 - 2021 by the BOKU University, Vienna
#               (c) 2015 - 2020 by the University of Vienna
#               (c) 2014 - 2023 by the University of Bonn
#               (c) 2000 - 2023 by the GRASS Development Team
#               (c) 1993 - 2023 by the R Development Core Team
#
#               This program is free software under the GNU General Public
#               License (>=v2). Read the file COPYING that comes with GRASS
#               for details.
#
# PREFIX:       ca_exp2
#
#############################################################################


1. PREPARING ENVIRONMENT.
2. ROUTING FLOW.
Starting model execution.

   nout nsum    cfl     tlength tsum    dmax1   vmax1   dmax2   vmax2   dmax3   vmax3   volume1 volume2 volume3  ekin
   R    -----   -----   -----   -----   *5.713  -----   *0.000  -----   *2.449  -----   *231.82 *0.00   *99.35   -----
   0    0       -----   -----   0.0     5.713   0.00    0.000   0.00    2.449   0.00    231.82  0.00    99.35    -----
   1    11      0.397   23.8    5.1     6.349   30.25   0.000   0.00    2.747   30.31   231.82  0.00    99.35    210198
   2    26      0.389   13.2    10.1    7.161   53.26   0.000   0.00    3.073   53.23   231.82  0.00    99.35    751641
   3    49      0.377   9.6     15.1    5.895   71.68   0.000   0.00    2.568   71.94   231.82  0.00    99.35    1499890
   4    77      0.367   8.3     20.1    8.410   85.57   0.000   0.00    3.655   84.97   231.82  0.00    99.35    1911628
   5    108     0.370   8.5     25.1    11.743  83.66   0.000   0.00    5.088   84.07   231.82  0.00    99.35    1787401
   6    137     0.379   9.7     30.1    11.693  72.67   0.000   0.00    4.956   72.44   231.82  0.00    99.35    576727
   7    158     0.364   15.5    35.2    6.473   45.33   0.000   0.00    2.623   43.11   231.82  0.00    99.35    27975
   8    170     0.365   22.4    40.0    4.885   34.99   0.000   0.00    1.950   35.29   231.82  0.00    99.35    119081
   9    184     0.388   17.5    45.3    6.465   42.62   0.000   0.00    2.779   42.21   231.82  0.00    99.35    174662
   10   198     0.381   23.7    50.4    8.823   28.60   0.000   0.00    3.556   28.25   231.82  0.00    99.35    26404
   11   211     0.395   14.9    55.3    9.385   26.15   0.000   0.00    4.000   25.36   231.82  0.00    99.35    24246
   12   222     0.397   21.1    60.3    11.142  23.02   0.000   0.00    4.534   23.56   231.82  0.00    99.35    15206
   13   231     0.391   29.2    65.0    12.659  21.28   0.000   0.00    5.098   20.80   231.92  0.00    99.37    9173
   14   242     0.380   20.7    70.2    11.488  23.65   0.000   0.00    4.670   16.93   232.02  0.00    99.39    8299
   15   253     0.373   29.6    75.2    11.432  20.89   0.000   0.00    4.651   21.44   232.11  0.00    99.41    9701
   16   264     0.397   30.7    80.2    11.361  21.24   0.000   0.00    4.571   20.03   232.19  0.00    99.44    8985       
   17   275     0.391   25.2    85.3    10.950  21.28   0.000   0.00    4.415   15.37   232.24  0.00    99.45    7560       
   18   286     0.390   28.3    90.2    10.479  18.37   0.000   0.00    4.204   16.86   232.29  0.00    99.46    8113       
   19   299     0.372   34.9    95.1    11.445  23.18   0.000   0.00    4.564   19.85   232.34  0.00    99.47    11060      
   20   311     0.355   33.3    100.5   10.760  26.25   0.000   0.00    4.237   16.91   232.41  0.00    99.49    7723       
   21   321     0.386   13.0    105.4   10.877  18.95   0.000   0.00    4.271   15.36   232.48  0.00    99.51    7027       
   22   332     0.386   35.4    110.2   10.540  26.83   0.000   0.00    4.128   17.55   232.52  0.00    99.52    9008       
   23   344     0.368   21.0    115.4   10.905  20.65   0.000   0.00    4.269   15.75   232.58  0.00    99.53    7673       
   24   356     0.387   30.6    120.5   10.508  20.54   0.000   0.00    4.116   18.78   232.63  0.00    99.54         8678  
   25   366     0.396   32.3    125.3   10.548  19.36   0.000   0.00    4.136   16.85   232.75  0.00    99.57         6956  
   26   377     0.389   31.8    130.5   10.440  20.10   0.000   0.00    4.086   14.69   232.81  0.00    99.58         7718  
   27   387     0.347   23.0    135.0   10.289  20.82   0.000   0.00    4.017   14.50   232.83  0.00    99.58             7216
   28   400     0.385   27.4    140.3   10.089  21.95   0.000   0.00    3.947   15.79   232.87  0.00    99.59             8558
   29   411     0.400   24.7    145.3   10.270  21.68   0.000   0.00    4.025   15.60   232.93  0.00    99.60             7346
   30   422     0.388   28.7    150.0   10.021  20.61   0.000   0.00    3.889   14.78   232.99  0.00    99.62             7507
   31   434     0.365   25.0    155.2   9.826   23.29   0.000   0.00    3.833   16.12   233.02  0.00    99.62             8143
   32   446     0.383   22.9    160.3   10.026  20.70   0.000   0.00    3.889   16.84   233.06  0.00    99.63             8077
   33   458     0.391   21.8    165.4   9.786   20.54   0.000   0.00    3.792   15.10   233.15  0.00    99.65             7363
   34   470     0.397   27.6    170.4   9.686   22.48   0.000   0.00    3.746   16.54   233.19  0.00    99.65             8511
   35   481     0.388   29.0    175.1   9.919   20.16   0.000   0.00    3.819   19.00   233.24  0.00    99.66             8
    8529
   36   494     0.382   27.9    180.3   9.386   23.07   0.000   0.00    3.609   16.74   233.29  0.00    99.67             8
    8440
   37   506     0.389   19.6    185.3   9.638   20.79   0.000   0.00    3.710   17.82   233.33  0.00    99.68             8
    8849
   38   518     0.391   22.1    190.0   9.565   23.32   0.000   0.00    3.661   17.69   233.36  0.00    99.69             8
    8767
   39   532     0.397   21.5    195.4   9.568   22.41   0.000   0.00    3.673   16.83   233.39  0.00    99.69             8
    8483
   40   544     0.380   17.2    200.2   9.622   20.58   0.000   0.00    3.680   16.21   233.43  0.00    99.70             8
    8553
Model execution completed in 268.61 seconds.

3. EVALUATION AND VISUALIZATION

Checking rgeos availability: TRUE
Please note that 'maptools' will be retired during 2023,
plan transition at your earliest convenience;
some functionality will be moved to 'sp'.
Please note that rgdal will be retired during 2023,
plan transition to sf/stars/terra functions using GDAL and PROJ
at your earliest convenience.
See https://r-spatial.org/r/2022/04/12/evolution.html and https://github.com/r-spatial/evolution
rgdal: version: 1.6-5, (SVN revision 1199)
Geospatial Data Abstraction Library extensions to R successfully loaded
Loaded GDAL runtime: GDAL 3.4.3, released 2022/04/22
Path to GDAL shared files: /usr/share/gdal
GDAL binary built with GEOS: TRUE
Loaded PROJ runtime: Rel. 8.2.0, November 1st, 2021, [PJ_VERSION: 820]
Path to PROJ shared files: /root/.local/share/proj:/usr/share/proj
PROJ CDN enabled: FALSE
Linking to sp version:1.6-0
To mute warnings of possible GDAL/OSR exportToProj4() degradation,
use options("rgdal_show_exportToProj4_warnings"="none") before loading sp or rgdal.
Plotting ca_exp2_hflow0000 ... completed.
Plotting ca_exp2_hflow0001 ... completed.
Plotting ca_exp2_hflow0002 ... completed.
Plotting ca_exp2_hflow0003 ... completed.
Plotting ca_exp2_hflow0004 ... completed.
Plotting ca_exp2_hflow0005 ... completed.
Plotting ca_exp2_hflow0006 ... completed.
Plotting ca_exp2_hflow0007 ... completed.
Plotting ca_exp2_hflow0008 ... completed.
Plotting ca_exp2_hflow0009 ... completed.
Plotting ca_exp2_hflow0010 ... completed.
Plotting ca_exp2_hflow0011 ... completed.
Plotting ca_exp2_hflow0012 ... completed.
Plotting ca_exp2_hflow0013 ... completed.
Plotting ca_exp2_hflow0014 ... completed.
Plotting ca_exp2_hflow0015 ... completed.
Plotting ca_exp2_hflow0016 ... completed.
Plotting ca_exp2_hflow0017 ... completed.
Plotting ca_exp2_hflow0018 ... completed.
Plotting ca_exp2_hflow0019 ... completed.
Plotting ca_exp2_hflow0020 ... completed.
Plotting ca_exp2_hflow0021 ... completed.
Plotting ca_exp2_hflow0022 ... completed.
Plotting ca_exp2_hflow0023 ... completed.
Plotting ca_exp2_hflow0024 ... completed.
Plotting ca_exp2_hflow0025 ... completed.
Plotting ca_exp2_hflow0026 ... completed.
Plotting ca_exp2_hflow0027 ... completed.
Plotting ca_exp2_hflow0028 ... completed.
Plotting ca_exp2_hflow0029 ... completed.
Plotting ca_exp2_hflow0030 ... completed.
Plotting ca_exp2_hflow0031 ... completed.
Plotting ca_exp2_hflow0032 ... completed.
Plotting ca_exp2_hflow0033 ... completed.
Plotting ca_exp2_hflow0034 ... completed.
Plotting ca_exp2_hflow0035 ... completed.
Plotting ca_exp2_hflow0036 ... completed.
Plotting ca_exp2_hflow0037 ... completed.
Plotting ca_exp2_hflow0038 ... completed.
Plotting ca_exp2_hflow0039 ... completed.
Plotting ca_exp2_hflow0040 ... completed.
Plotting ca_exp2_hflow_max ... completed.
Plotting ca_exp2_treach ... completed.

Completed successfully in 271.2 seconds (net computing time excluding visualization).
Please find the collected results in the directory ca_exp2_results.



#############################################################################
#
# MODULE:       r.avaflow 3
#
# AUTHORS:      Martin Mergili and Shiva P. Pudasaini
# CONTRIBUTORS: Massimiliano Alvioli, Matthias Benedikt, Emmanuel Delage,
#               Wolfgang Fellin, Jan-Thomas Fischer, Sigridur S. Gylfadottir,
#               Andreas Huber, Ivan Marchesini, Markus Metz, Markus Neteler,
#               Alexander Ostermann, Matthias Rauter
#
# PURPOSE:      The mass flow simulation tool
# VERSION:      20230127 (27 January 2023)
#
# COPYRIGHT:    (c) 2013 - 2023 by the authors
#               (c) 2020 - 2023 by the University of Graz
#               (c) 2013 - 2021 by the BOKU University, Vienna
#               (c) 2015 - 2020 by the University of Vienna
#               (c) 2014 - 2023 by the University of Bonn
#               (c) 2000 - 2023 by the GRASS Development Team
#               (c) 1993 - 2023 by the R Development Core Team
#
#               This program is free software under the GNU General Public
#               License (>=v2). Read the file COPYING that comes with GRASS
#               for details.
#
# PREFIX:       ca_exp3
#
#############################################################################


1. PREPARING ENVIRONMENT.
2. ROUTING FLOW.
Starting model execution.

   nout nsum    cfl     tlength tsum    dmax    vmax    volume  ekin
   R    -----   -----   -----   -----   *0.00   -----   *0.000  -----
   0    0       -----   -----   0.0     0.00    0.00    0.000   -----
   1    8       0.394   27.0    5.1     3.34    23.49   14.657  6429
   2    19      0.377   21.5    10.3    3.38    31.92   28.123  20817
   3    31      0.372   20.8    15.2    4.99    32.20   52.784  48743
   4    44      0.365   17.7    20.0    4.71    37.60   77.239  88962
   5    59      0.364   16.9    25.2    4.62    39.59   103.144 132916
   6    74      0.369   17.1    30.3    4.63    38.13   128.557 171538
   7    88      0.370   17.4    35.2    4.68    38.25   152.819 206793
   8    103     0.374   17.4    40.3    4.68    38.35   178.724 238889
   9    117     0.362   17.4    45.2    4.68    38.36   202.986 269290
   10   131     0.362   17.4    50.0    4.68    38.36   227.252 293436
   11   146     0.362   17.4    55.2    3.29    38.36   237.649 314234
   12   160     0.362   17.3    60.1    3.32    38.39   247.349 309037
   13   174     0.362   18.2    65.1    3.10    35.93   257.269 302086
   14   188     0.366   18.5    70.2    4.00    36.06   267.539 289986
   15   201     0.365   19.1    75.1    3.45    35.07   277.313 288816
   16   215     0.368   17.7    80.3    3.33    38.71   287.753 299833
   17   229     0.372   17.1    85.2    3.27    37.80   297.505 308244
   18   244     0.376   16.9    90.2    3.30    38.57   307.588 312062
   19   259     0.370   17.2    95.3    3.47    38.04   317.795 319006
   20   273     0.363   17.2    100.1   3.10    38.20   327.405 322380
   21   288     0.363   17.3    105.2   3.10    37.90   337.648 327646
   22   302     0.363   17.1    110.0   2.82    38.19   347.232 317704
   23   317     0.362   17.4    115.2   2.96    37.15   357.593 310525
   24   331     0.362   19.0    120.4   3.39    34.39   367.867 297596
   25   343     0.360   22.4    125.2   3.93    33.88   377.520 294102
   26   354     0.373   21.1    130.0   3.13    34.87   387.102 307774
   27   367     0.367   18.6    135.1   2.77    35.41   397.304 313708
   28   381     0.370   17.5    140.2   3.02    36.92   407.596 314996
   29   395     0.370   17.5    145.2   3.15    36.81   417.655 311390
   30   409     0.371   19.5    150.4   3.32    33.44   427.874 300615
   31   421     0.365   20.7    155.0   2.86    32.86   417.576 278377
   32   433     0.369   20.7    160.0   2.72    31.41   405.620 259762
   33   445     0.364   22.5    165.3   3.18    33.83   396.030 254857
   34   456     0.365   22.4    170.2   3.64    30.73   396.723 252925
   35   467     0.365   21.5    175.1   2.75    32.07   398.338 260016
   36   479     0.364   20.0    180.1   2.37    32.97   401.439 263944
   37   492     0.364   19.6    185.1   2.34    33.36   404.996 261218
   38   505     0.367   20.6    190.3   2.38    31.40   409.702 260371
   39   517     0.367   21.8    195.4   2.44    30.31   414.681 264212
   40   528     0.366   21.9    200.2   2.45    30.39   403.870 255250
   41   540     0.366   21.9    205.4   2.45    30.54   407.049 261710
   42   551     0.363   22.2    210.3   2.45    30.38   413.063 267454
   43   562     0.366   22.0    215.1   2.44    30.43   419.080 273928
   44   574     0.363   21.6    220.3   2.44    30.36   412.455 266152
   45   585     0.364   22.5    225.2   2.48    30.43   417.894 270320
   46   596     0.362   22.5    230.2   2.47    30.46   413.862 267218
   47   607     0.362   22.5    235.1   2.47    30.44   417.611 270586
   48   618     0.363   22.5    240.1   2.47    30.44   414.642 267951
   49   630     0.363   22.2    245.4   2.46    30.42   413.417 266034
   50   641     0.362   22.2    250.3   2.46    30.41   413.137 267854
   51   652     0.363   22.3    255.2   2.46    30.39   409.704 263734
   52   663     0.366   22.2    260.1   2.46    30.40   414.016 267396
   53   674     0.362   22.4    265.0   2.48    30.44   412.783 266797
   54   686     0.362   22.5    270.4   2.47    30.45   413.948 267269
   55   697     0.361   22.5    275.4   2.47    30.44   407.093 262055
   56   708     0.361   22.5    280.3   2.47    30.44   408.073 261983
   57   719     0.361   22.5    285.3   2.47    30.45   413.019 267417
   58   730     0.360   22.5    290.2   2.47    30.44   407.109 260615
   59   741     0.361   22.5    295.2   2.47    30.45   412.396 265611
   60   752     0.361   22.5    300.1   2.47    30.44   408.879 262431
Model execution completed in 214.83 seconds.

3. EVALUATION AND VISUALIZATION

Checking rgeos availability: TRUE
Please note that 'maptools' will be retired during 2023,
plan transition at your earliest convenience;
some functionality will be moved to 'sp'.
Please note that rgdal will be retired during 2023,
plan transition to sf/stars/terra functions using GDAL and PROJ
at your earliest convenience.
See https://r-spatial.org/r/2022/04/12/evolution.html and https://github.com/r-spatial/evolution
rgdal: version: 1.6-5, (SVN revision 1199)
Geospatial Data Abstraction Library extensions to R successfully loaded
Loaded GDAL runtime: GDAL 3.4.3, released 2022/04/22
Path to GDAL shared files: /usr/share/gdal
GDAL binary built with GEOS: TRUE
Loaded PROJ runtime: Rel. 8.2.0, November 1st, 2021, [PJ_VERSION: 820]
Path to PROJ shared files: /root/.local/share/proj:/usr/share/proj
PROJ CDN enabled: FALSE
Linking to sp version:1.6-0
To mute warnings of possible GDAL/OSR exportToProj4() degradation,
use options("rgdal_show_exportToProj4_warnings"="none") before loading sp or rgdal.
Plotting ca_exp3_hflow0000 ... completed.
Plotting ca_exp3_hflow0001 ... completed.
Plotting ca_exp3_hflow0002 ... completed.
Plotting ca_exp3_hflow0003 ... completed.
Plotting ca_exp3_hflow0004 ... completed.
Plotting ca_exp3_hflow0005 ... completed.
Plotting ca_exp3_hflow0006 ... completed.
Plotting ca_exp3_hflow0007 ... completed.
Plotting ca_exp3_hflow0008 ... completed.
Plotting ca_exp3_hflow0009 ... completed.
Plotting ca_exp3_hflow0010 ... completed.
Plotting ca_exp3_hflow0011 ... completed.
Plotting ca_exp3_hflow0012 ... completed.
Plotting ca_exp3_hflow0013 ... completed.
Plotting ca_exp3_hflow0014 ... completed.
Plotting ca_exp3_hflow0015 ... completed.
Plotting ca_exp3_hflow0016 ... completed.
Plotting ca_exp3_hflow0017 ... completed.
Plotting ca_exp3_hflow0018 ... completed.
Plotting ca_exp3_hflow0019 ... completed.
Plotting ca_exp3_hflow0020 ... completed.
Plotting ca_exp3_hflow0021 ... completed.
Plotting ca_exp3_hflow0022 ... completed.
Plotting ca_exp3_hflow0023 ... completed.
Plotting ca_exp3_hflow0024 ... completed.
Plotting ca_exp3_hflow0025 ... completed.
Plotting ca_exp3_hflow0026 ... completed.
Plotting ca_exp3_hflow0027 ... completed.
Plotting ca_exp3_hflow0028 ... completed.
Plotting ca_exp3_hflow0029 ... completed.
Plotting ca_exp3_hflow0030 ... completed.
Plotting ca_exp3_hflow0031 ... completed.
Plotting ca_exp3_hflow0032 ... completed.
Plotting ca_exp3_hflow0033 ... completed.
Plotting ca_exp3_hflow0034 ... completed.
Plotting ca_exp3_hflow0035 ... completed.
Plotting ca_exp3_hflow0036 ... completed.
Plotting ca_exp3_hflow0037 ... completed.
Plotting ca_exp3_hflow0038 ... completed.
Plotting ca_exp3_hflow0039 ... completed.
Plotting ca_exp3_hflow0040 ... completed.
Plotting ca_exp3_hflow0041 ... completed.
Plotting ca_exp3_hflow0042 ... completed.
Plotting ca_exp3_hflow0043 ... completed.
Plotting ca_exp3_hflow0044 ... completed.
Plotting ca_exp3_hflow0045 ... completed.
Plotting ca_exp3_hflow0046 ... completed.
Plotting ca_exp3_hflow0047 ... completed.
Plotting ca_exp3_hflow0048 ... completed.
Plotting ca_exp3_hflow0049 ... completed.
Plotting ca_exp3_hflow0050 ... completed.
Plotting ca_exp3_hflow0051 ... completed.
Plotting ca_exp3_hflow0052 ... completed.
Plotting ca_exp3_hflow0053 ... completed.
Plotting ca_exp3_hflow0054 ... completed.
Plotting ca_exp3_hflow0055 ... completed.
Plotting ca_exp3_hflow0056 ... completed.
Plotting ca_exp3_hflow0057 ... completed.
Plotting ca_exp3_hflow0058 ... completed.
Plotting ca_exp3_hflow0059 ... completed.
Plotting ca_exp3_hflow0060 ... completed.
Plotting ca_exp3_hflow_max ... completed.
Plotting ca_exp3_treach ... completed.

Completed successfully in 215.4 seconds (net computing time excluding visualization).
Please find the collected results in the directory ca_exp3_results.

Traceback (most recent call last):
  File "/root/.grass8/addons/scripts/r.lakefill", line 212, in <module>
    main()
  File "/root/.grass8/addons/scripts/r.lakefill", line 125, in main
    print (i0, j0, elev[i0][j0])
IndexError: index 125 is out of bounds for axis 0 with size 1


#############################################################################
#
# MODULE:       r.avaflow 3
#
# AUTHORS:      Martin Mergili and Shiva P. Pudasaini
# CONTRIBUTORS: Massimiliano Alvioli, Matthias Benedikt, Emmanuel Delage,
#               Wolfgang Fellin, Jan-Thomas Fischer, Sigridur S. Gylfadottir,
#               Andreas Huber, Ivan Marchesini, Markus Metz, Markus Neteler,
#               Alexander Ostermann, Matthias Rauter
#
# PURPOSE:      The mass flow simulation tool
# VERSION:      20230127 (27 January 2023)
#
# COPYRIGHT:    (c) 2013 - 2023 by the authors
#               (c) 2020 - 2023 by the University of Graz
#               (c) 2013 - 2021 by the BOKU University, Vienna
#               (c) 2015 - 2020 by the University of Vienna
#               (c) 2014 - 2023 by the University of Bonn
#               (c) 2000 - 2023 by the GRASS Development Team
#               (c) 1993 - 2023 by the R Development Core Team
#
#               This program is free software under the GNU General Public
#               License (>=v2). Read the file COPYING that comes with GRASS
#               for details.
#
# PREFIX:       ca_exp4
#
#############################################################################


1. PREPARING ENVIRONMENT.
2. ROUTING FLOW.
Starting model execution.

Traceback (most recent call last):
  File "/root/.grass8/addons/scripts/r.avaflow", line 2641, in <module>
    main()
  File "/root/.grass8/addons/scripts/r.avaflow", line 1820, in main
    grass.run_command("r.avaflow.main")  # executing r.avaflow
  File "/usr/lib/grass82/etc/python/grass/script/core.py", line 541, in run_command
    return handle_errors(returncode, result=None, args=args, kwargs=kwargs)
  File "/usr/lib/grass82/etc/python/grass/script/core.py", line 429, in handle_errors
    raise CalledModuleError(module=module, code=code, returncode=returncode)
grass.exceptions.CalledModuleError: Module run `r.avaflow.main` ended with an error.
The subprocess ended with a non-zero return code: 1. See errors above the traceback or in the error output.    
 100%
Traceback (most recent call last):
  File "/root/.grass8/addons/scripts/r.lakefill", line 212, in <module>
    main()
  File "/root/.grass8/addons/scripts/r.lakefill", line 125, in main
    print (i0, j0, elev[i0][j0])
IndexError: index 125 is out of bounds for axis 0 with size 1
 100%
 100%
Invalid map <ca_lake5>
Parse error
ERROR: parse error
 100%
 100%


#############################################################################
#
# MODULE:       r.avaflow 3
#
# AUTHORS:      Martin Mergili and Shiva P. Pudasaini
# CONTRIBUTORS: Massimiliano Alvioli, Matthias Benedikt, Emmanuel Delage,
#               Wolfgang Fellin, Jan-Thomas Fischer, Sigridur S. Gylfadottir,
#               Andreas Huber, Ivan Marchesini, Markus Metz, Markus Neteler,
#               Alexander Ostermann, Matthias Rauter
#
# PURPOSE:      The mass flow simulation tool
# VERSION:      20230127 (27 January 2023)
#
# COPYRIGHT:    (c) 2013 - 2023 by the authors
#               (c) 2020 - 2023 by the University of Graz
#               (c) 2013 - 2021 by the BOKU University, Vienna
#               (c) 2015 - 2020 by the University of Vienna
#               (c) 2014 - 2023 by the University of Bonn
#               (c) 2000 - 2023 by the GRASS Development Team
#               (c) 1993 - 2023 by the R Development Core Team
#
#               This program is free software under the GNU General Public
#               License (>=v2). Read the file COPYING that comes with GRASS
#               for details.
#
# PREFIX:       ca_exp5
#
#############################################################################


1. PREPARING ENVIRONMENT.
2. ROUTING FLOW.
Starting model execution.

Traceback (most recent call last):
  File "/root/.grass8/addons/scripts/r.avaflow", line 2641, in <module>
    main()
  File "/root/.grass8/addons/scripts/r.avaflow", line 1820, in main
    grass.run_command("r.avaflow.main")  # executing r.avaflow
  File "/usr/lib/grass82/etc/python/grass/script/core.py", line 541, in run_command
    return handle_errors(returncode, result=None, args=args, kwargs=kwargs)
  File "/usr/lib/grass82/etc/python/grass/script/core.py", line 429, in handle_errors
    raise CalledModuleError(module=module, code=code, returncode=returncode)
grass.exceptions.CalledModuleError: Module run `r.avaflow.main` ended with an error.
The subprocess ended with a non-zero return code: 1. See errors above the traceback or in the error output.    


#############################################################################
#
# MODULE:       r.avaflow 3
#
# AUTHORS:      Martin Mergili and Shiva P. Pudasaini
# CONTRIBUTORS: Massimiliano Alvioli, Matthias Benedikt, Emmanuel Delage,
#               Wolfgang Fellin, Jan-Thomas Fischer, Sigridur S. Gylfadottir,
#               Andreas Huber, Ivan Marchesini, Markus Metz, Markus Neteler,
#               Alexander Ostermann, Matthias Rauter
#
# PURPOSE:      The mass flow simulation tool
# VERSION:      20230127 (27 January 2023)
#
# COPYRIGHT:    (c) 2013 - 2023 by the authors
#               (c) 2020 - 2023 by the University of Graz
#               (c) 2013 - 2021 by the BOKU University, Vienna
#               (c) 2015 - 2020 by the University of Vienna
#               (c) 2014 - 2023 by the University of Bonn
#               (c) 2000 - 2023 by the GRASS Development Team
#               (c) 1993 - 2023 by the R Development Core Team
#
#               This program is free software under the GNU General Public
#               License (>=v2). Read the file COPYING that comes with GRASS
#               for details.
#
# PREFIX:       ca_exp6
#
#############################################################################


1. PREPARING ENVIRONMENT.
2. ROUTING FLOW.
Starting model execution.

   nout nsum    cfl     tlength tsum    dmax    vmax    volume  ekin
   R    -----   -----   -----   -----   *8.162  -----   *331.17 -----
   0    0       -----   -----   0.0     8.162   0.00    331.17  -----
   1    1       0.000   0.1     0.0     ...

                       ------------------ FLOW STOPPED ------------------

   1    1       0.000   0.1     0.0     0.000   0.00    0.00    0
Model execution completed in 0.22 seconds.

3. EVALUATION AND VISUALIZATION

Checking rgeos availability: TRUE
Please note that 'maptools' will be retired during 2023,
plan transition at your earliest convenience;
some functionality will be moved to 'sp'.
Please note that rgdal will be retired during 2023,
plan transition to sf/stars/terra functions using GDAL and PROJ
at your earliest convenience.
See https://r-spatial.org/r/2022/04/12/evolution.html and https://github.com/r-spatial/evolution
rgdal: version: 1.6-5, (SVN revision 1199)
Geospatial Data Abstraction Library extensions to R successfully loaded
Loaded GDAL runtime: GDAL 3.4.3, released 2022/04/22
Path to GDAL shared files: /usr/share/gdal
GDAL binary built with GEOS: TRUE
Loaded PROJ runtime: Rel. 8.2.0, November 1st, 2021, [PJ_VERSION: 820]
Path to PROJ shared files: /root/.local/share/proj:/usr/share/proj
PROJ CDN enabled: FALSE
Linking to sp version:1.6-0
To mute warnings of possible GDAL/OSR exportToProj4() degradation,
use options("rgdal_show_exportToProj4_warnings"="none") before loading sp or rgdal.
Plotting ca_exp6_hflow0000 ... completed.
Plotting ca_exp6_hflow0001 ... completed.
Plotting ca_exp6_hflow_max ... completed.
Plotting ca_exp6_treach ... completed.

Completed successfully in 0.3 seconds (net computing time excluding visualization).
Please find the collected results in the directory ca_exp6_results.

 100%
 100%
 100%
 100%
 100%
 100%
 100%
 100%


#############################################################################
#
# MODULE:       r.avaflow 3
#
# AUTHORS:      Martin Mergili and Shiva P. Pudasaini
# CONTRIBUTORS: Massimiliano Alvioli, Matthias Benedikt, Emmanuel Delage,
#               Wolfgang Fellin, Jan-Thomas Fischer, Sigridur S. Gylfadottir,
#               Andreas Huber, Ivan Marchesini, Markus Metz, Markus Neteler,
#               Alexander Ostermann, Matthias Rauter
#
# PURPOSE:      The mass flow simulation tool
# VERSION:      20230127 (27 January 2023)
#
# COPYRIGHT:    (c) 2013 - 2023 by the authors
#               (c) 2020 - 2023 by the University of Graz
#               (c) 2013 - 2021 by the BOKU University, Vienna
#               (c) 2015 - 2020 by the University of Vienna
#               (c) 2014 - 2023 by the University of Bonn
#               (c) 2000 - 2023 by the GRASS Development Team
#               (c) 1993 - 2023 by the R Development Core Team
#
#               This program is free software under the GNU General Public
#               License (>=v2). Read the file COPYING that comes with GRASS
#               for details.
#
# PREFIX:       ca_exp7
#
#############################################################################


1. PREPARING ENVIRONMENT.
2. ROUTING FLOW.
Starting model execution.

Traceback (most recent call last):
  File "/root/.grass8/addons/scripts/r.avaflow", line 2641, in <module>
    main()
  File "/root/.grass8/addons/scripts/r.avaflow", line 1820, in main
    grass.run_command("r.avaflow.main")  # executing r.avaflow
  File "/usr/lib/grass82/etc/python/grass/script/core.py", line 541, in run_command
    return handle_errors(returncode, result=None, args=args, kwargs=kwargs)
  File "/usr/lib/grass82/etc/python/grass/script/core.py", line 429, in handle_errors
    raise CalledModuleError(module=module, code=code, returncode=returncode)
grass.exceptions.CalledModuleError: Module run `r.avaflow.main` ended with an error.
The subprocess ended with a non-zero return code: -11. See errors above the traceback or in the error output.  


#############################################################################
#
# MODULE:       r.avaflow 3
#
# AUTHORS:      Martin Mergili and Shiva P. Pudasaini
# CONTRIBUTORS: Massimiliano Alvioli, Matthias Benedikt, Emmanuel Delage,
#               Wolfgang Fellin, Jan-Thomas Fischer, Sigridur S. Gylfadottir,
#               Andreas Huber, Ivan Marchesini, Markus Metz, Markus Neteler,
#               Alexander Ostermann, Matthias Rauter
#
# PURPOSE:      The mass flow simulation tool
# VERSION:      20230127 (27 January 2023)
#
# COPYRIGHT:    (c) 2013 - 2023 by the authors
#               (c) 2020 - 2023 by the University of Graz
#               (c) 2013 - 2021 by the BOKU University, Vienna
#               (c) 2015 - 2020 by the University of Vienna
#               (c) 2014 - 2023 by the University of Bonn
#               (c) 2000 - 2023 by the GRASS Development Team
#               (c) 1993 - 2023 by the R Development Core Team
#
#               This program is free software under the GNU General Public
#               License (>=v2). Read the file COPYING that comes with GRASS
#               for details.
#
# PREFIX:       ca_exp8
#
#############################################################################


1. PREPARING ENVIRONMENT.
Executing model run 1
usage: grass [-h] [-v] [--text] [--gtext] [--gui] [-c [CRS]] [-e]
             [--config [CONFIG [CONFIG ...]]] [--tmp-mapset]
             [--tmp-location CRS] [-f] [--exec ...]
             [PATH]
grass: error: unrecognized arguments: -text
Model run 1 completed.
Executing model run 2
usage: grass [-h] [-v] [--text] [--gtext] [--gui] [-c [CRS]] [-e]
             [--config [CONFIG [CONFIG ...]]] [--tmp-mapset]
             [--tmp-location CRS] [-f] [--exec ...]
             [PATH]
grass: error: unrecognized arguments: -text
Model run 2 completed.
Executing model run 3
usage: grass [-h] [-v] [--text] [--gtext] [--gui] [-c [CRS]] [-e]
             [--config [CONFIG [CONFIG ...]]] [--tmp-mapset]
             [--tmp-location CRS] [-f] [--exec ...]
             [PATH]
grass: error: unrecognized arguments: -text
Model run 3 completed.
Executing model run 4
usage: grass [-h] [-v] [--text] [--gtext] [--gui] [-c [CRS]] [-e]
             [--config [CONFIG [CONFIG ...]]] [--tmp-mapset]
             [--tmp-location CRS] [-f] [--exec ...]
             [PATH]
grass: error: unrecognized arguments: -text
Model run 4 completed.
Executing model run 5
usage: grass [-h] [-v] [--text] [--gtext] [--gui] [-c [CRS]] [-e]
             [--config [CONFIG [CONFIG ...]]] [--tmp-mapset]
             [--tmp-location CRS] [-f] [--exec ...]
             [PATH]
grass: error: unrecognized arguments: -text
Model run 5 completed.
Executing model run 6
usage: grass [-h] [-v] [--text] [--gtext] [--gui] [-c [CRS]] [-e]
             [--config [CONFIG [CONFIG ...]]] [--tmp-mapset]
             [--tmp-location CRS] [-f] [--exec ...]
             [PATH]
grass: error: unrecognized arguments: -text
Model run 6 completed.
Executing model run 7
usage: grass [-h] [-v] [--text] [--gtext] [--gui] [-c [CRS]] [-e]
             [--config [CONFIG [CONFIG ...]]] [--tmp-mapset]
             [--tmp-location CRS] [-f] [--exec ...]
             [PATH]
grass: error: unrecognized arguments: -text
Model run 7 completed.
Executing model run 8
usage: grass [-h] [-v] [--text] [--gtext] [--gui] [-c [CRS]] [-e]
             [--config [CONFIG [CONFIG ...]]] [--tmp-mapset]
             [--tmp-location CRS] [-f] [--exec ...]
             [PATH]
grass: error: unrecognized arguments: -text
Model run 8 completed.
Executing model run 9
usage: grass [-h] [-v] [--text] [--gtext] [--gui] [-c [CRS]] [-e]
             [--config [CONFIG [CONFIG ...]]] [--tmp-mapset]
             [--tmp-location CRS] [-f] [--exec ...]
             [PATH]
grass: error: unrecognized arguments: -text
Model run 9 completed.
Executing model run 10
usage: grass [-h] [-v] [--text] [--gtext] [--gui] [-c [CRS]] [-e]
             [--config [CONFIG [CONFIG ...]]] [--tmp-mapset]
             [--tmp-location CRS] [-f] [--exec ...]
             [PATH]
grass: error: unrecognized arguments: -text
Model run 10 completed.
Executing model run 11
usage: grass [-h] [-v] [--text] [--gtext] [--gui] [-c [CRS]] [-e]
             [--config [CONFIG [CONFIG ...]]] [--tmp-mapset]
             [--tmp-location CRS] [-f] [--exec ...]
             [PATH]
grass: error: unrecognized arguments: -text
Model run 11 completed.
Executing model run 12
usage: grass [-h] [-v] [--text] [--gtext] [--gui] [-c [CRS]] [-e]
             [--config [CONFIG [CONFIG ...]]] [--tmp-mapset]
             [--tmp-location CRS] [-f] [--exec ...]
             [PATH]
grass: error: unrecognized arguments: -text
Model run 12 completed.
Executing model run 13
usage: grass [-h] [-v] [--text] [--gtext] [--gui] [-c [CRS]] [-e]
             [--config [CONFIG [CONFIG ...]]] [--tmp-mapset]
             [--tmp-location CRS] [-f] [--exec ...]
             [PATH]
grass: error: unrecognized arguments: -text
Model run 13 completed.
Executing model run 14
usage: grass [-h] [-v] [--text] [--gtext] [--gui] [-c [CRS]] [-e]
             [--config [CONFIG [CONFIG ...]]] [--tmp-mapset]
             [--tmp-location CRS] [-f] [--exec ...]
             [PATH]
grass: error: unrecognized arguments: -text
Model run 14 completed.
Executing model run 15
usage: grass [-h] [-v] [--text] [--gtext] [--gui] [-c [CRS]] [-e]
             [--config [CONFIG [CONFIG ...]]] [--tmp-mapset]
             [--tmp-location CRS] [-f] [--exec ...]
             [PATH]
grass: error: unrecognized arguments: -text
Model run 15 completed.
Executing model run 16
usage: grass [-h] [-v] [--text] [--gtext] [--gui] [-c [CRS]] [-e]
             [--config [CONFIG [CONFIG ...]]] [--tmp-mapset]
             [--tmp-location CRS] [-f] [--exec ...]
             [PATH]
grass: error: unrecognized arguments: -text
Model run 16 completed.

Batch processing completed.

Traceback (most recent call last):
  File "/root/.grass8/addons/scripts/r.avaflow", line 2641, in <module>
    main()
  File "/root/.grass8/addons/scripts/r.avaflow", line 2252, in main
    ftimesteps = open(pf + "_results/" + pf + "_files/" + pf + "_nout" + str(jid) + ".txt", "r") # opening file with number of time steps and success
FileNotFoundError: [Errno 2] No such file or directory: 'ca_exp8_results/ca_exp8_files/ca_exp8_nout1.txt'      


#############################################################################
#
# MODULE:       r.avaflow 3
#
# AUTHORS:      Martin Mergili and Shiva P. Pudasaini
# CONTRIBUTORS: Massimiliano Alvioli, Matthias Benedikt, Emmanuel Delage,
#               Wolfgang Fellin, Jan-Thomas Fischer, Sigridur S. Gylfadottir,
#               Andreas Huber, Ivan Marchesini, Markus Metz, Markus Neteler,
#               Alexander Ostermann, Matthias Rauter
#
# PURPOSE:      The mass flow simulation tool
# VERSION:      20230127 (27 January 2023)
#
# COPYRIGHT:    (c) 2013 - 2023 by the authors
#               (c) 2020 - 2023 by the University of Graz
#               (c) 2013 - 2021 by the BOKU University, Vienna
#               (c) 2015 - 2020 by the University of Vienna
#               (c) 2014 - 2023 by the University of Bonn
#               (c) 2000 - 2023 by the GRASS Development Team
#               (c) 1993 - 2023 by the R Development Core Team
#
#               This program is free software under the GNU General Public
#               License (>=v2). Read the file COPYING that comes with GRASS
#               for details.
#
# PREFIX:       ca_exp9
#
#############################################################################


1. PREPARING ENVIRONMENT.
Executing model run 1
usage: grass [-h] [-v] [--text] [--gtext] [--gui] [-c [CRS]] [-e]
             [--config [CONFIG [CONFIG ...]]] [--tmp-mapset]
             [--tmp-location CRS] [-f] [--exec ...]
             [PATH]
grass: error: unrecognized arguments: -text
Model run 1 completed.
Executing model run 2
usage: grass [-h] [-v] [--text] [--gtext] [--gui] [-c [CRS]] [-e]
             [--config [CONFIG [CONFIG ...]]] [--tmp-mapset]
             [--tmp-location CRS] [-f] [--exec ...]
             [PATH]
grass: error: unrecognized arguments: -text
Model run 2 completed.
Executing model run 3
usage: grass [-h] [-v] [--text] [--gtext] [--gui] [-c [CRS]] [-e]
             [--config [CONFIG [CONFIG ...]]] [--tmp-mapset]
             [--tmp-location CRS] [-f] [--exec ...]
             [PATH]
grass: error: unrecognized arguments: -text
Model run 3 completed.
Executing model run 4
usage: grass [-h] [-v] [--text] [--gtext] [--gui] [-c [CRS]] [-e]
             [--config [CONFIG [CONFIG ...]]] [--tmp-mapset]
             [--tmp-location CRS] [-f] [--exec ...]
             [PATH]
grass: error: unrecognized arguments: -text
Model run 4 completed.
Executing model run 5
usage: grass [-h] [-v] [--text] [--gtext] [--gui] [-c [CRS]] [-e]
             [--config [CONFIG [CONFIG ...]]] [--tmp-mapset]
             [--tmp-location CRS] [-f] [--exec ...]
             [PATH]
grass: error: unrecognized arguments: -text
Model run 5 completed.
Executing model run 6
usage: grass [-h] [-v] [--text] [--gtext] [--gui] [-c [CRS]] [-e]
             [--config [CONFIG [CONFIG ...]]] [--tmp-mapset]
             [--tmp-location CRS] [-f] [--exec ...]
             [PATH]
grass: error: unrecognized arguments: -text
Model run 6 completed.
Executing model run 7
usage: grass [-h] [-v] [--text] [--gtext] [--gui] [-c [CRS]] [-e]
             [--config [CONFIG [CONFIG ...]]] [--tmp-mapset]
             [--tmp-location CRS] [-f] [--exec ...]
             [PATH]
grass: error: unrecognized arguments: -text
Model run 7 completed.
Executing model run 8
usage: grass [-h] [-v] [--text] [--gtext] [--gui] [-c [CRS]] [-e]
             [--config [CONFIG [CONFIG ...]]] [--tmp-mapset]
             [--tmp-location CRS] [-f] [--exec ...]
             [PATH]
grass: error: unrecognized arguments: -text
Model run 8 completed.
Executing model run 9
usage: grass [-h] [-v] [--text] [--gtext] [--gui] [-c [CRS]] [-e]
             [--config [CONFIG [CONFIG ...]]] [--tmp-mapset]
             [--tmp-location CRS] [-f] [--exec ...]
             [PATH]
grass: error: unrecognized arguments: -text
Model run 9 completed.
Executing model run 10
usage: grass [-h] [-v] [--text] [--gtext] [--gui] [-c [CRS]] [-e]
             [--config [CONFIG [CONFIG ...]]] [--tmp-mapset]
             [--tmp-location CRS] [-f] [--exec ...]
             [PATH]
grass: error: unrecognized arguments: -text
Model run 10 completed.
Executing model run 11
usage: grass [-h] [-v] [--text] [--gtext] [--gui] [-c [CRS]] [-e]
             [--config [CONFIG [CONFIG ...]]] [--tmp-mapset]
             [--tmp-location CRS] [-f] [--exec ...]
             [PATH]
grass: error: unrecognized arguments: -text
Model run 11 completed.
Executing model run 12
usage: grass [-h] [-v] [--text] [--gtext] [--gui] [-c [CRS]] [-e]
             [--config [CONFIG [CONFIG ...]]] [--tmp-mapset]
             [--tmp-location CRS] [-f] [--exec ...]
             [PATH]
grass: error: unrecognized arguments: -text
Model run 12 completed.
Executing model run 13
usage: grass [-h] [-v] [--text] [--gtext] [--gui] [-c [CRS]] [-e]
             [--config [CONFIG [CONFIG ...]]] [--tmp-mapset]
             [--tmp-location CRS] [-f] [--exec ...]
             [PATH]
grass: error: unrecognized arguments: -text
Model run 13 completed.
Executing model run 14
usage: grass [-h] [-v] [--text] [--gtext] [--gui] [-c [CRS]] [-e]
             [--config [CONFIG [CONFIG ...]]] [--tmp-mapset]
             [--tmp-location CRS] [-f] [--exec ...]
             [PATH]
grass: error: unrecognized arguments: -text
Model run 14 completed.
Executing model run 15
usage: grass [-h] [-v] [--text] [--gtext] [--gui] [-c [CRS]] [-e]
             [--config [CONFIG [CONFIG ...]]] [--tmp-mapset]
             [--tmp-location CRS] [-f] [--exec ...]
             [PATH]
grass: error: unrecognized arguments: -text
Model run 15 completed.
Executing model run 16
usage: grass [-h] [-v] [--text] [--gtext] [--gui] [-c [CRS]] [-e]
             [--config [CONFIG [CONFIG ...]]] [--tmp-mapset]
             [--tmp-location CRS] [-f] [--exec ...]
             [PATH]
grass: error: unrecognized arguments: -text
Model run 16 completed.
Executing model run 17
usage: grass [-h] [-v] [--text] [--gtext] [--gui] [-c [CRS]] [-e]
             [--config [CONFIG [CONFIG ...]]] [--tmp-mapset]
             [--tmp-location CRS] [-f] [--exec ...]
             [PATH]
grass: error: unrecognized arguments: -text
Model run 17 completed.
Executing model run 18
usage: grass [-h] [-v] [--text] [--gtext] [--gui] [-c [CRS]] [-e]
             [--config [CONFIG [CONFIG ...]]] [--tmp-mapset]
             [--tmp-location CRS] [-f] [--exec ...]
             [PATH]
grass: error: unrecognized arguments: -text
Model run 18 completed.
Executing model run 19
usage: grass [-h] [-v] [--text] [--gtext] [--gui] [-c [CRS]] [-e]
             [--config [CONFIG [CONFIG ...]]] [--tmp-mapset]
             [--tmp-location CRS] [-f] [--exec ...]
             [PATH]
grass: error: unrecognized arguments: -text
Model run 19 completed.
Executing model run 20
usage: grass [-h] [-v] [--text] [--gtext] [--gui] [-c [CRS]] [-e]
             [--config [CONFIG [CONFIG ...]]] [--tmp-mapset]
             [--tmp-location CRS] [-f] [--exec ...]
             [PATH]
grass: error: unrecognized arguments: -text
Model run 20 completed.
Executing model run 21
usage: grass [-h] [-v] [--text] [--gtext] [--gui] [-c [CRS]] [-e]
             [--config [CONFIG [CONFIG ...]]] [--tmp-mapset]
             [--tmp-location CRS] [-f] [--exec ...]
             [PATH]
grass: error: unrecognized arguments: -text
Model run 21 completed.
Executing model run 22
usage: grass [-h] [-v] [--text] [--gtext] [--gui] [-c [CRS]] [-e]
             [--config [CONFIG [CONFIG ...]]] [--tmp-mapset]
             [--tmp-location CRS] [-f] [--exec ...]
             [PATH]
grass: error: unrecognized arguments: -text
Model run 22 completed.
Executing model run 23
usage: grass [-h] [-v] [--text] [--gtext] [--gui] [-c [CRS]] [-e]
             [--config [CONFIG [CONFIG ...]]] [--tmp-mapset]
             [--tmp-location CRS] [-f] [--exec ...]
             [PATH]
grass: error: unrecognized arguments: -text
Model run 23 completed.
Executing model run 24
usage: grass [-h] [-v] [--text] [--gtext] [--gui] [-c [CRS]] [-e]
             [--config [CONFIG [CONFIG ...]]] [--tmp-mapset]
             [--tmp-location CRS] [-f] [--exec ...]
             [PATH]
grass: error: unrecognized arguments: -text
Model run 24 completed.
Executing model run 25
usage: grass [-h] [-v] [--text] [--gtext] [--gui] [-c [CRS]] [-e]
             [--config [CONFIG [CONFIG ...]]] [--tmp-mapset]
             [--tmp-location CRS] [-f] [--exec ...]
             [PATH]
grass: error: unrecognized arguments: -text
Model run 25 completed.

Batch processing completed.

Traceback (most recent call last):
  File "/root/.grass8/addons/scripts/r.avaflow", line 2641, in <module>
    main()
  File "/root/.grass8/addons/scripts/r.avaflow", line 2252, in main
    ftimesteps = open(pf + "_results/" + pf + "_files/" + pf + "_nout" + str(jid) + ".txt", "r") # opening file with number of time steps and success
FileNotFoundError: [Errno 2] No such file or directory: 'ca_exp9_results/ca_exp9_files/ca_exp9_nout1.txt' 